<?xml version="1.0" encoding="UTF-8"?>
<testsuite name="com.raymondjoy.refactoring.practise.chapterone.PractiseTest" tests="1" skipped="0" failures="0" errors="0" timestamp="2020-02-10T05:29:08" hostname="hongdembp" time="0.003">
  <properties/>
  <testcase name="should_return_correct_result_when_input_invoices" classname="com.raymondjoy.refactoring.practise.chapterone.PractiseTest" time="0.003"/>
  <system-out><![CDATA[Statement for BigCo
  Hamlet: 650￥(55 seats)
  As You Like It: 580￥(35 seats)
  Othello: 500￥(40 seats)
Amount owed is 1730￥ 
You earned 47 credits

]]></system-out>
  <system-err><![CDATA[]]></system-err>
</testsuite>
